# JRE version: OpenJDK Runtime Environment (8.0_345-b01) (build 1.8.0_345-b01)
# Java VM: OpenJDK 64-Bit Server VM (25.345-b01 mixed mode windows-amd64 compressed oops)
Heap:
 PSYoungGen      total 137216K, used 5061K [0x000000076e000000, 0x000000077ec00000, 0x00000007c0000000)
  eden space 126976K, 3% used [0x000000076e000000,0x000000076e4f16e8,0x0000000775c00000)
  from space 10240K, 0% used [0x0000000775c00000,0x0000000775c00000,0x0000000776600000)
  to   space 10240K, 0% used [0x000000077e200000,0x000000077e200000,0x000000077ec00000)
 ParOldGen       total 136192K, used 20578K [0x00000006ca000000, 0x00000006d2500000, 0x000000076e000000)
  object space 136192K, 15% used [0x00000006ca000000,0x00000006cb418810,0x00000006d2500000)
 Metaspace       used 21169K, capacity 21434K, committed 21504K, reserved 1069056K
  class space    used 2689K, capacity 2779K, committed 2816K, reserved 1048576K
GC Heap History (8 events):
Event: 0.421 GC heap before
{Heap before GC invocations=1 (full 0):
 PSYoungGen      total 73728K, used 63488K [0x000000076e000000, 0x0000000773200000, 0x00000007c0000000)
  eden space 63488K, 100% used [0x000000076e000000,0x0000000771e00000,0x0000000771e00000)
  from space 10240K, 0% used [0x0000000772800000,0x0000000772800000,0x0000000773200000)
  to   space 10240K, 0% used [0x0000000771e00000,0x0000000771e00000,0x0000000772800000)
 ParOldGen       total 167936K, used 0K [0x00000006ca000000, 0x00000006d4400000, 0x000000076e000000)
  object space 167936K, 0% used [0x00000006ca000000,0x00000006ca000000,0x00000006d4400000)
 Metaspace       used 8615K, capacity 8680K, committed 8832K, reserved 1056768K
  class space    used 1030K, capacity 1076K, committed 1152K, reserved 1048576K
Event: 0.426 GC heap after
Heap after GC invocations=1 (full 0):
 PSYoungGen      total 73728K, used 10230K [0x000000076e000000, 0x0000000777000000, 0x00000007c0000000)
  eden space 63488K, 0% used [0x000000076e000000,0x000000076e000000,0x0000000771e00000)
  from space 10240K, 99% used [0x0000000771e00000,0x00000007727fda10,0x0000000772800000)
  to   space 10240K, 0% used [0x0000000776600000,0x0000000776600000,0x0000000777000000)
 ParOldGen       total 167936K, used 4749K [0x00000006ca000000, 0x00000006d4400000, 0x000000076e000000)
  object space 167936K, 2% used [0x00000006ca000000,0x00000006ca4a3400,0x00000006d4400000)
 Metaspace       used 8615K, capacity 8680K, committed 8832K, reserved 1056768K
  class space    used 1030K, capacity 1076K, committed 1152K, reserved 1048576K
}
Event: 0.816 GC heap before
{Heap before GC invocations=2 (full 0):
 PSYoungGen      total 73728K, used 73718K [0x000000076e000000, 0x0000000777000000, 0x00000007c0000000)
  eden space 63488K, 100% used [0x000000076e000000,0x0000000771e00000,0x0000000771e00000)
  from space 10240K, 99% used [0x0000000771e00000,0x00000007727fda10,0x0000000772800000)
  to   space 10240K, 0% used [0x0000000776600000,0x0000000776600000,0x0000000777000000)
 ParOldGen       total 167936K, used 4749K [0x00000006ca000000, 0x00000006d4400000, 0x000000076e000000)
  object space 167936K, 2% used [0x00000006ca000000,0x00000006ca4a3400,0x00000006d4400000)
 Metaspace       used 15325K, capacity 15466K, committed 15616K, reserved 1062912K
  class space    used 1948K, capacity 1983K, committed 2048K, reserved 1048576K
Event: 0.823 GC heap after
Heap after GC invocations=2 (full 0):
 PSYoungGen      total 137216K, used 10232K [0x000000076e000000, 0x0000000777000000, 0x00000007c0000000)
  eden space 126976K, 0% used [0x000000076e000000,0x000000076e000000,0x0000000775c00000)
  from space 10240K, 99% used [0x0000000776600000,0x0000000776ffe130,0x0000000777000000)
  to   space 10240K, 0% used [0x0000000775c00000,0x0000000775c00000,0x0000000776600000)
 ParOldGen       total 167936K, used 19158K [0x00000006ca000000, 0x00000006d4400000, 0x000000076e000000)
  object space 167936K, 11% used [0x00000006ca000000,0x00000006cb2b5850,0x00000006d4400000)
 Metaspace       used 15325K, capacity 15466K, committed 15616K, reserved 1062912K
  class space    used 1948K, capacity 1983K, committed 2048K, reserved 1048576K
}
Event: 1.352 GC heap before
{Heap before GC invocations=3 (full 0):
 PSYoungGen      total 137216K, used 64059K [0x000000076e000000, 0x0000000777000000, 0x00000007c0000000)
  eden space 126976K, 42% used [0x000000076e000000,0x0000000771490ea8,0x0000000775c00000)
  from space 10240K, 99% used [0x0000000776600000,0x0000000776ffe130,0x0000000777000000)
  to   space 10240K, 0% used [0x0000000775c00000,0x0000000775c00000,0x0000000776600000)
 ParOldGen       total 167936K, used 19158K [0x00000006ca000000, 0x00000006d4400000, 0x000000076e000000)
  object space 167936K, 11% used [0x00000006ca000000,0x00000006cb2b5850,0x00000006d4400000)
 Metaspace       used 20904K, capacity 21114K, committed 21248K, reserved 1067008K
  class space    used 2652K, capacity 2715K, committed 2816K, reserved 1048576K
Event: 1.358 GC heap after
Heap after GC invocations=3 (full 0):
 PSYoungGen      total 137216K, used 10232K [0x000000076e000000, 0x000000077ec00000, 0x00000007c0000000)
  eden space 126976K, 0% used [0x000000076e000000,0x000000076e000000,0x0000000775c00000)
  from space 10240K, 99% used [0x0000000775c00000,0x00000007765fe140,0x0000000776600000)
  to   space 10240K, 0% used [0x000000077e200000,0x000000077e200000,0x000000077ec00000)
 ParOldGen       total 167936K, used 25620K [0x00000006ca000000, 0x00000006d4400000, 0x000000076e000000)
  object space 167936K, 15% used [0x00000006ca000000,0x00000006cb9050b0,0x00000006d4400000)
 Metaspace       used 20904K, capacity 21114K, committed 21248K, reserved 1067008K
  class space    used 2652K, capacity 2715K, committed 2816K, reserved 1048576K
}
Event: 1.358 GC heap before
{Heap before GC invocations=4 (full 1):
 PSYoungGen      total 137216K, used 10232K [0x000000076e000000, 0x000000077ec00000, 0x00000007c0000000)
  eden space 126976K, 0% used [0x000000076e000000,0x000000076e000000,0x0000000775c00000)
  from space 10240K, 99% used [0x0000000775c00000,0x00000007765fe140,0x0000000776600000)
  to   space 10240K, 0% used [0x000000077e200000,0x000000077e200000,0x000000077ec00000)
 ParOldGen       total 167936K, used 25620K [0x00000006ca000000, 0x00000006d4400000, 0x000000076e000000)
  object space 167936K, 15% used [0x00000006ca000000,0x00000006cb9050b0,0x00000006d4400000)
 Metaspace       used 20904K, capacity 21114K, committed 21248K, reserved 1067008K
  class space    used 2652K, capacity 2715K, committed 2816K, reserved 1048576K
Event: 1.383 GC heap after
Heap after GC invocations=4 (full 1):
 PSYoungGen      total 137216K, used 0K [0x000000076e000000, 0x000000077ec00000, 0x00000007c0000000)
  eden space 126976K, 0% used [0x000000076e000000,0x000000076e000000,0x0000000775c00000)
  from space 10240K, 0% used [0x0000000775c00000,0x0000000775c00000,0x0000000776600000)
  to   space 10240K, 0% used [0x000000077e200000,0x000000077e200000,0x000000077ec00000)
 ParOldGen       total 136192K, used 20578K [0x00000006ca000000, 0x00000006d2500000, 0x000000076e000000)
  object space 136192K, 15% used [0x00000006ca000000,0x00000006cb418810,0x00000006d2500000)
 Metaspace       used 20904K, capacity 21114K, committed 21248K, reserved 1067008K
  class space    used 2652K, capacity 2715K, committed 2816K, reserved 1048576K
}

